UMPush/build/intermediates/manifest_merge_blame_file/debug/manifest-merger-blame-debug-report.txt
1<?xml version="1.0" encoding="utf-8"?>
2<manifest xmlns:android="http://schemas.android.com/apk/res/android"
3    package="com.umeng.message.lib" >
4
5    <uses-sdk
6        android:minSdkVersion="14"
6-->SKongData/UMPush/AndroidManifest.xml
7        android:targetSdkVersion="28" />
7-->SKongData/UMPush/AndroidManifest.xml
8
9    <uses-permission android:name="android.permission.INTERNET" />
9-->SKongData/UMPush/AndroidManifest.xml:5:5-67
9-->SKongData/UMPush/AndroidManifest.xml:5:22-64
10    <uses-permission android:name="android.permission.ACCESS_NETWORK_STATE" />
10-->SKongData/UMPush/AndroidManifest.xml:6:5-79
10-->SKongData/UMPush/AndroidManifest.xml:6:22-76
11    <uses-permission android:name="android.permission.ACCESS_WIFI_STATE" />
11-->SKongData/UMPush/AndroidManifest.xml:7:5-76
11-->SKongData/UMPush/AndroidManifest.xml:7:22-73
12    <uses-permission android:name="android.permission.WRITE_EXTERNAL_STORAGE" />
12-->SKongData/UMPush/AndroidManifest.xml:8:5-81
12-->SKongData/UMPush/AndroidManifest.xml:8:22-78
13    <uses-permission android:name="android.permission.WAKE_LOCK" />
13-->SKongData/UMPush/AndroidManifest.xml:9:5-68
13-->SKongData/UMPush/AndroidManifest.xml:9:22-65
14    <uses-permission android:name="android.permission.READ_PHONE_STATE" />
14-->SKongData/UMPush/AndroidManifest.xml:10:5-75
14-->SKongData/UMPush/AndroidManifest.xml:10:22-72
15    <uses-permission android:name="android.permission.BROADCAST_PACKAGE_ADDED" />
15-->SKongData/UMPush/AndroidManifest.xml:11:5-82
15-->SKongData/UMPush/AndroidManifest.xml:11:22-79
16    <uses-permission android:name="android.permission.BROADCAST_PACKAGE_CHANGED" />
16-->SKongData/UMPush/AndroidManifest.xml:12:5-84
16-->SKongData/UMPush/AndroidManifest.xml:12:22-81
17    <uses-permission android:name="android.permission.BROADCAST_PACKAGE_INSTALL" />
17-->SKongData/UMPush/AndroidManifest.xml:13:5-84
17-->SKongData/UMPush/AndroidManifest.xml:13:22-81
18    <uses-permission android:name="android.permission.BROADCAST_PACKAGE_REPLACED" />
18-->SKongData/UMPush/AndroidManifest.xml:14:5-85
18-->SKongData/UMPush/AndroidManifest.xml:14:22-82
19    <uses-permission android:name="android.permission.GET_TASKS" />
19-->SKongData/UMPush/AndroidManifest.xml:15:5-68
19-->SKongData/UMPush/AndroidManifest.xml:15:22-65
20    <uses-permission android:name="android.permission.RECEIVE_BOOT_COMPLETED" />
20-->SKongData/UMPush/AndroidManifest.xml:16:5-81
20-->SKongData/UMPush/AndroidManifest.xml:16:22-78
21    <!--  -->
22    <application
22-->SKongData/UMPush/AndroidManifest.xml:18:5-163:19
23        android:networkSecurityConfig="@xml/network_security_config"
23-->SKongData/UMPush/AndroidManifest.xml:19:9-69
24        android:usesCleartextTraffic="true" >
24-->SKongData/UMPush/AndroidManifest.xml:20:9-44
25        <service
25-->SKongData/UMPush/AndroidManifest.xml:21:9-31:19
26            android:name="com.taobao.accs.ChannelService"
26-->SKongData/UMPush/AndroidManifest.xml:22:13-58
27            android:exported="true"
27-->SKongData/UMPush/AndroidManifest.xml:23:13-36
28            android:process=":channel" >
28-->SKongData/UMPush/AndroidManifest.xml:24:13-39
29            <intent-filter>
29-->SKongData/UMPush/AndroidManifest.xml:25:13-27:29
30                <action android:name="com.taobao.accs.intent.action.SERVICE" />
30-->SKongData/UMPush/AndroidManifest.xml:26:17-80
30-->SKongData/UMPush/AndroidManifest.xml:26:25-77
31            </intent-filter>
32            <intent-filter>
32-->SKongData/UMPush/AndroidManifest.xml:28:13-30:29
33                <action android:name="com.taobao.accs.intent.action.ELECTION" />
33-->SKongData/UMPush/AndroidManifest.xml:29:17-81
33-->SKongData/UMPush/AndroidManifest.xml:29:25-78
34            </intent-filter>
35        </service>
36        <service
36-->SKongData/UMPush/AndroidManifest.xml:33:9-39:19
37            android:name="com.taobao.accs.data.MsgDistributeService"
37-->SKongData/UMPush/AndroidManifest.xml:34:13-69
38            android:exported="true" >
38-->SKongData/UMPush/AndroidManifest.xml:35:13-36
39            <intent-filter>
39-->SKongData/UMPush/AndroidManifest.xml:36:13-38:29
40                <action android:name="com.taobao.accs.intent.action.RECEIVE" />
40-->SKongData/UMPush/AndroidManifest.xml:37:17-80
40-->SKongData/UMPush/AndroidManifest.xml:37:25-77
41            </intent-filter>
42        </service>
43
44        <receiver
44-->SKongData/UMPush/AndroidManifest.xml:41:9-57:20
45            android:name="com.taobao.accs.EventReceiver"
45-->SKongData/UMPush/AndroidManifest.xml:42:13-57
46            android:process=":channel" >
46-->SKongData/UMPush/AndroidManifest.xml:43:13-39
47            <intent-filter>
47-->SKongData/UMPush/AndroidManifest.xml:44:13-46:29
48                <action android:name="android.intent.action.BOOT_COMPLETED" />
48-->SKongData/UMPush/AndroidManifest.xml:45:17-79
48-->SKongData/UMPush/AndroidManifest.xml:45:25-76
49            </intent-filter>
50            <intent-filter>
50-->SKongData/UMPush/AndroidManifest.xml:47:13-49:29
51                <action android:name="android.net.conn.CONNECTIVITY_CHANGE" />
51-->SKongData/UMPush/AndroidManifest.xml:48:17-79
51-->SKongData/UMPush/AndroidManifest.xml:48:25-76
52            </intent-filter>
53            <intent-filter>
53-->SKongData/UMPush/AndroidManifest.xml:50:13-53:29
54                <action android:name="android.intent.action.PACKAGE_REMOVED" />
54-->SKongData/UMPush/AndroidManifest.xml:51:17-80
54-->SKongData/UMPush/AndroidManifest.xml:51:25-77
55
56                <data android:scheme="package" />
56-->SKongData/UMPush/AndroidManifest.xml:52:17-50
56-->SKongData/UMPush/AndroidManifest.xml:52:23-47
57            </intent-filter>
58            <intent-filter>
58-->SKongData/UMPush/AndroidManifest.xml:54:13-56:29
59                <action android:name="android.intent.action.USER_PRESENT" />
59-->SKongData/UMPush/AndroidManifest.xml:55:17-77
59-->SKongData/UMPush/AndroidManifest.xml:55:25-74
60            </intent-filter>
61        </receiver>
62        <receiver
62-->SKongData/UMPush/AndroidManifest.xml:59:9-68:20
63            android:name="com.taobao.accs.ServiceReceiver"
63-->SKongData/UMPush/AndroidManifest.xml:60:13-59
64            android:process=":channel" >
64-->SKongData/UMPush/AndroidManifest.xml:61:13-39
65            <intent-filter>
65-->SKongData/UMPush/AndroidManifest.xml:62:13-64:29
66                <action android:name="com.taobao.accs.intent.action.COMMAND" />
66-->SKongData/UMPush/AndroidManifest.xml:63:17-80
66-->SKongData/UMPush/AndroidManifest.xml:63:25-77
67            </intent-filter>
68            <intent-filter>
68-->SKongData/UMPush/AndroidManifest.xml:65:13-67:29
69                <action android:name="com.taobao.accs.intent.action.START_FROM_AGOO" />
69-->SKongData/UMPush/AndroidManifest.xml:66:17-88
69-->SKongData/UMPush/AndroidManifest.xml:66:25-85
70            </intent-filter>
71        </receiver>
72
73        <service
73-->SKongData/UMPush/AndroidManifest.xml:70:9-73:42
74            android:name="com.taobao.accs.internal.AccsJobService"
74-->SKongData/UMPush/AndroidManifest.xml:71:13-67
75            android:permission="android.permission.BIND_JOB_SERVICE"
75-->SKongData/UMPush/AndroidManifest.xml:72:13-69
76            android:process=":channel" />
76-->SKongData/UMPush/AndroidManifest.xml:73:13-39
77        <service
77-->SKongData/UMPush/AndroidManifest.xml:75:9-77:42
78            android:name="com.taobao.accs.ChannelService$KernelService"
78-->SKongData/UMPush/AndroidManifest.xml:76:13-72
79            android:process=":channel" />
79-->SKongData/UMPush/AndroidManifest.xml:77:13-39
80        <service
80-->SKongData/UMPush/AndroidManifest.xml:79:9-85:19
81            android:name="org.android.agoo.accs.AgooService"
81-->SKongData/UMPush/AndroidManifest.xml:80:13-61
82            android:exported="true" >
82-->SKongData/UMPush/AndroidManifest.xml:81:13-36
83            <intent-filter>
83-->SKongData/UMPush/AndroidManifest.xml:36:13-38:29
84                <action android:name="com.taobao.accs.intent.action.RECEIVE" />
84-->SKongData/UMPush/AndroidManifest.xml:37:17-80
84-->SKongData/UMPush/AndroidManifest.xml:37:25-77
85            </intent-filter>
86        </service>
87        <service
87-->SKongData/UMPush/AndroidManifest.xml:87:9-94:19
88            android:name="com.umeng.message.UmengIntentService"
88-->SKongData/UMPush/AndroidManifest.xml:88:13-64
89            android:exported="true"
89-->SKongData/UMPush/AndroidManifest.xml:89:13-36
90            android:process=":channel" >
90-->SKongData/UMPush/AndroidManifest.xml:90:13-39
91            <intent-filter>
91-->SKongData/UMPush/AndroidManifest.xml:91:13-93:29
92                <action android:name="org.agoo.android.intent.action.RECEIVE" />
92-->SKongData/UMPush/AndroidManifest.xml:92:17-81
92-->SKongData/UMPush/AndroidManifest.xml:92:25-78
93            </intent-filter>
94        </service>
95        <service
95-->SKongData/UMPush/AndroidManifest.xml:96:9-103:19
96            android:name="com.umeng.message.XiaomiIntentService"
96-->SKongData/UMPush/AndroidManifest.xml:97:13-65
97            android:exported="true"
97-->SKongData/UMPush/AndroidManifest.xml:98:13-36
98            android:process=":channel" >
98-->SKongData/UMPush/AndroidManifest.xml:99:13-39
99            <intent-filter>
99-->SKongData/UMPush/AndroidManifest.xml:91:13-93:29
100                <action android:name="org.agoo.android.intent.action.RECEIVE" />
100-->SKongData/UMPush/AndroidManifest.xml:92:17-81
100-->SKongData/UMPush/AndroidManifest.xml:92:25-78
101            </intent-filter>
102        </service>
103
104        <receiver
104-->SKongData/UMPush/AndroidManifest.xml:105:9-116:20
105            android:name="com.taobao.agoo.AgooCommondReceiver"
105-->SKongData/UMPush/AndroidManifest.xml:106:13-63
106            android:exported="true"
106-->SKongData/UMPush/AndroidManifest.xml:107:13-36
107            android:process=":channel" >
107-->SKongData/UMPush/AndroidManifest.xml:108:13-39
108            <intent-filter>
108-->SKongData/UMPush/AndroidManifest.xml:109:13-111:29
109                <action android:name="${applicationId}.intent.action.COMMAND" />
109-->SKongData/UMPush/AndroidManifest.xml:110:17-81
109-->SKongData/UMPush/AndroidManifest.xml:110:25-78
110            </intent-filter>
111            <intent-filter>
111-->SKongData/UMPush/AndroidManifest.xml:50:13-53:29
112                <action android:name="android.intent.action.PACKAGE_REMOVED" />
112-->SKongData/UMPush/AndroidManifest.xml:51:17-80
112-->SKongData/UMPush/AndroidManifest.xml:51:25-77
113
114                <data android:scheme="package" />
114-->SKongData/UMPush/AndroidManifest.xml:52:17-50
114-->SKongData/UMPush/AndroidManifest.xml:52:23-47
115            </intent-filter>
116        </receiver>
117
118        <service
118-->SKongData/UMPush/AndroidManifest.xml:118:9-125:19
119            android:name="com.umeng.message.UmengMessageIntentReceiverService"
119-->SKongData/UMPush/AndroidManifest.xml:119:13-79
120            android:exported="true"
120-->SKongData/UMPush/AndroidManifest.xml:120:13-36
121            android:process=":channel" >
121-->SKongData/UMPush/AndroidManifest.xml:121:13-39
122            <intent-filter>
122-->SKongData/UMPush/AndroidManifest.xml:122:13-124:29
123                <action android:name="org.android.agoo.client.MessageReceiverService" />
123-->SKongData/UMPush/AndroidManifest.xml:123:17-89
123-->SKongData/UMPush/AndroidManifest.xml:123:25-86
124            </intent-filter>
125        </service>
126
127        <receiver
127-->SKongData/UMPush/AndroidManifest.xml:127:9-129:40
128            android:name="com.umeng.message.NotificationProxyBroadcastReceiver"
128-->SKongData/UMPush/AndroidManifest.xml:128:13-80
129            android:exported="false" />
129-->SKongData/UMPush/AndroidManifest.xml:129:13-37
130
131        <service
131-->SKongData/UMPush/AndroidManifest.xml:131:9-150:19
132            android:name="com.umeng.message.UmengMessageCallbackHandlerService"
132-->SKongData/UMPush/AndroidManifest.xml:132:13-80
133            android:exported="false"
133-->SKongData/UMPush/AndroidManifest.xml:133:13-37
134            android:permission="android.permission.BIND_JOB_SERVICE" >
134-->SKongData/UMPush/AndroidManifest.xml:134:13-69
135            <intent-filter>
135-->SKongData/UMPush/AndroidManifest.xml:135:13-137:29
136                <action android:name="com.umeng.messge.registercallback.action" />
136-->SKongData/UMPush/AndroidManifest.xml:136:17-83
136-->SKongData/UMPush/AndroidManifest.xml:136:25-80
137            </intent-filter>
138            <intent-filter>
138-->SKongData/UMPush/AndroidManifest.xml:138:13-140:29
139                <action android:name="com.umeng.message.enablecallback.action" />
139-->SKongData/UMPush/AndroidManifest.xml:139:17-82
139-->SKongData/UMPush/AndroidManifest.xml:139:25-79
140            </intent-filter>
141            <intent-filter>
141-->SKongData/UMPush/AndroidManifest.xml:141:13-143:29
142                <action android:name="com.umeng.message.disablecallback.action" />
142-->SKongData/UMPush/AndroidManifest.xml:142:17-83
142-->SKongData/UMPush/AndroidManifest.xml:142:25-80
143            </intent-filter>
144            <intent-filter>
144-->SKongData/UMPush/AndroidManifest.xml:144:13-146:29
145                <action android:name="com.umeng.message.message.handler.action" />
145-->SKongData/UMPush/AndroidManifest.xml:145:17-83
145-->SKongData/UMPush/AndroidManifest.xml:145:25-80
146            </intent-filter>
147            <intent-filter>
147-->SKongData/UMPush/AndroidManifest.xml:147:13-149:29
148                <action android:name="com.umeng.message.message.sendmessage.action" />
148-->SKongData/UMPush/AndroidManifest.xml:148:17-87
148-->SKongData/UMPush/AndroidManifest.xml:148:25-84
149            </intent-filter>
150        </service>
151        <service
151-->SKongData/UMPush/AndroidManifest.xml:152:9-155:72
152            android:name="com.umeng.message.UmengDownloadResourceService"
152-->SKongData/UMPush/AndroidManifest.xml:153:13-74
153            android:exported="false"
153-->SKongData/UMPush/AndroidManifest.xml:154:13-37
154            android:permission="android.permission.BIND_JOB_SERVICE" />
154-->SKongData/UMPush/AndroidManifest.xml:155:13-69
155
156        <provider
156-->SKongData/UMPush/AndroidManifest.xml:157:9-162:20
157            android:name="com.umeng.message.provider.MessageProvider"
157-->SKongData/UMPush/AndroidManifest.xml:158:13-70
158            android:authorities="${applicationId}.umeng.message"
158-->SKongData/UMPush/AndroidManifest.xml:159:13-65
159            android:exported="false" >
159-->SKongData/UMPush/AndroidManifest.xml:160:13-37
160            <grant-uri-permission android:pathPattern=".*" />
160-->SKongData/UMPush/AndroidManifest.xml:161:13-62
160-->SKongData/UMPush/AndroidManifest.xml:161:35-59
161        </provider>
162    </application>
163
164</manifest>